# JRE version: Java(TM) SE Runtime Environment (8.0_131-b11) (build 1.8.0_131-b11)
# Java VM: Java HotSpot(TM) 64-Bit Server VM (25.131-b11 mixed mode windows-amd64 compressed oops)
Heap:
 PSYoungGen      total 140800K, used 56494K [0x000000076b100000, 0x0000000778900000, 0x00000007c0000000)
  eden space 130048K, 43% used [0x000000076b100000,0x000000076e82b8e0,0x0000000773000000)
  from space 10752K, 0% used [0x0000000773000000,0x0000000773000000,0x0000000773a80000)
  to   space 12800K, 0% used [0x0000000777c80000,0x0000000777c80000,0x0000000778900000)
 ParOldGen       total 109056K, used 14410K [0x00000006c1200000, 0x00000006c7c80000, 0x000000076b100000)
  object space 109056K, 13% used [0x00000006c1200000,0x00000006c2012b08,0x00000006c7c80000)
 Metaspace       used 35509K, capacity 36072K, committed 36440K, reserved 1081344K
  class space    used 4586K, capacity 4728K, committed 4736K, reserved 1048576K
GC Heap History (10 events):
Event: 2.238 GC heap before
{Heap before GC invocations=3 (full 0):
 PSYoungGen      total 76288K, used 15271K [0x000000076b100000, 0x0000000774600000, 0x00000007c0000000)
  eden space 65536K, 10% used [0x000000076b100000,0x000000076b795438,0x000000076f100000)
  from space 10752K, 79% used [0x000000076fb80000,0x00000007703d48f8,0x0000000770600000)
  to   space 10752K, 0% used [0x000000076f100000,0x000000076f100000,0x000000076fb80000)
 ParOldGen       total 175104K, used 88K [0x00000006c1200000, 0x00000006cbd00000, 0x000000076b100000)
  object space 175104K, 0% used [0x00000006c1200000,0x00000006c1216010,0x00000006cbd00000)
 Metaspace       used 20799K, capacity 21058K, committed 21248K, reserved 1067008K
  class space    used 2672K, capacity 2741K, committed 2816K, reserved 1048576K
Event: 2.266 GC heap after
Heap after GC invocations=3 (full 0):
 PSYoungGen      total 76288K, used 5036K [0x000000076b100000, 0x0000000774600000, 0x00000007c0000000)
  eden space 65536K, 0% used [0x000000076b100000,0x000000076b100000,0x000000076f100000)
  from space 10752K, 46% used [0x000000076f100000,0x000000076f5eb320,0x000000076fb80000)
  to   space 10752K, 0% used [0x0000000773b80000,0x0000000773b80000,0x0000000774600000)
 ParOldGen       total 175104K, used 96K [0x00000006c1200000, 0x00000006cbd00000, 0x000000076b100000)
  object space 175104K, 0% used [0x00000006c1200000,0x00000006c1218010,0x00000006cbd00000)
 Metaspace       used 20799K, capacity 21058K, committed 21248K, reserved 1067008K
  class space    used 2672K, capacity 2741K, committed 2816K, reserved 1048576K
}
Event: 2.266 GC heap before
{Heap before GC invocations=4 (full 1):
 PSYoungGen      total 76288K, used 5036K [0x000000076b100000, 0x0000000774600000, 0x00000007c0000000)
  eden space 65536K, 0% used [0x000000076b100000,0x000000076b100000,0x000000076f100000)
  from space 10752K, 46% used [0x000000076f100000,0x000000076f5eb320,0x000000076fb80000)
  to   space 10752K, 0% used [0x0000000773b80000,0x0000000773b80000,0x0000000774600000)
 ParOldGen       total 175104K, used 96K [0x00000006c1200000, 0x00000006cbd00000, 0x000000076b100000)
  object space 175104K, 0% used [0x00000006c1200000,0x00000006c1218010,0x00000006cbd00000)
 Metaspace       used 20799K, capacity 21058K, committed 21248K, reserved 1067008K
  class space    used 2672K, capacity 2741K, committed 2816K, reserved 1048576K
Event: 2.307 GC heap after
Heap after GC invocations=4 (full 1):
 PSYoungGen      total 76288K, used 0K [0x000000076b100000, 0x0000000774600000, 0x00000007c0000000)
  eden space 65536K, 0% used [0x000000076b100000,0x000000076b100000,0x000000076f100000)
  from space 10752K, 0% used [0x000000076f100000,0x000000076f100000,0x000000076fb80000)
  to   space 10752K, 0% used [0x0000000773b80000,0x0000000773b80000,0x0000000774600000)
 ParOldGen       total 84480K, used 5039K [0x00000006c1200000, 0x00000006c6480000, 0x000000076b100000)
  object space 84480K, 5% used [0x00000006c1200000,0x00000006c16ebfa8,0x00000006c6480000)
 Metaspace       used 20799K, capacity 21058K, committed 21248K, reserved 1067008K
  class space    used 2672K, capacity 2741K, committed 2816K, reserved 1048576K
}
Event: 4.036 GC heap before
{Heap before GC invocations=5 (full 1):
 PSYoungGen      total 76288K, used 65536K [0x000000076b100000, 0x0000000774600000, 0x00000007c0000000)
  eden space 65536K, 100% used [0x000000076b100000,0x000000076f100000,0x000000076f100000)
  from space 10752K, 0% used [0x000000076f100000,0x000000076f100000,0x000000076fb80000)
  to   space 10752K, 0% used [0x0000000773b80000,0x0000000773b80000,0x0000000774600000)
 ParOldGen       total 84480K, used 5039K [0x00000006c1200000, 0x00000006c6480000, 0x000000076b100000)
  object space 84480K, 5% used [0x00000006c1200000,0x00000006c16ebfa8,0x00000006c6480000)
 Metaspace       used 28302K, capacity 28630K, committed 28928K, reserved 1075200K
  class space    used 3603K, capacity 3715K, committed 3840K, reserved 1048576K
Event: 4.044 GC heap after
Heap after GC invocations=5 (full 1):
 PSYoungGen      total 124928K, used 9519K [0x000000076b100000, 0x0000000774500000, 0x00000007c0000000)
  eden space 115200K, 0% used [0x000000076b100000,0x000000076b100000,0x0000000772180000)
  from space 9728K, 97% used [0x0000000773b80000,0x00000007744cbc18,0x0000000774500000)
  to   space 10752K, 0% used [0x0000000773000000,0x0000000773000000,0x0000000773a80000)
 ParOldGen       total 84480K, used 5047K [0x00000006c1200000, 0x00000006c6480000, 0x000000076b100000)
  object space 84480K, 5% used [0x00000006c1200000,0x00000006c16edfa8,0x00000006c6480000)
 Metaspace       used 28302K, capacity 28630K, committed 28928K, reserved 1075200K
  class space    used 3603K, capacity 3715K, committed 3840K, reserved 1048576K
}
Event: 40.647 GC heap before
{Heap before GC invocations=6 (full 1):
 PSYoungGen      total 124928K, used 72469K [0x000000076b100000, 0x0000000774500000, 0x00000007c0000000)
  eden space 115200K, 54% used [0x000000076b100000,0x000000076ee79a70,0x0000000772180000)
  from space 9728K, 97% used [0x0000000773b80000,0x00000007744cbc18,0x0000000774500000)
  to   space 10752K, 0% used [0x0000000773000000,0x0000000773000000,0x0000000773a80000)
 ParOldGen       total 84480K, used 5047K [0x00000006c1200000, 0x00000006c6480000, 0x000000076b100000)
  object space 84480K, 5% used [0x00000006c1200000,0x00000006c16edfa8,0x00000006c6480000)
 Metaspace       used 34689K, capacity 35104K, committed 35416K, reserved 1079296K
  class space    used 4531K, capacity 4640K, committed 4736K, reserved 1048576K
Event: 40.654 GC heap after
Heap after GC invocations=6 (full 1):
 PSYoungGen      total 140800K, used 10406K [0x000000076b100000, 0x0000000778900000, 0x00000007c0000000)
  eden space 130048K, 0% used [0x000000076b100000,0x000000076b100000,0x0000000773000000)
  from space 10752K, 96% used [0x0000000773000000,0x0000000773a29988,0x0000000773a80000)
  to   space 12800K, 0% used [0x0000000777c80000,0x0000000777c80000,0x0000000778900000)
 ParOldGen       total 84480K, used 5055K [0x00000006c1200000, 0x00000006c6480000, 0x000000076b100000)
  object space 84480K, 5% used [0x00000006c1200000,0x00000006c16effa8,0x00000006c6480000)
 Metaspace       used 34689K, capacity 35104K, committed 35416K, reserved 1079296K
  class space    used 4531K, capacity 4640K, committed 4736K, reserved 1048576K
}
Event: 40.654 GC heap before
{Heap before GC invocations=7 (full 2):
 PSYoungGen      total 140800K, used 10406K [0x000000076b100000, 0x0000000778900000, 0x00000007c0000000)
  eden space 130048K, 0% used [0x000000076b100000,0x000000076b100000,0x0000000773000000)
  from space 10752K, 96% used [0x0000000773000000,0x0000000773a29988,0x0000000773a80000)
  to   space 12800K, 0% used [0x0000000777c80000,0x0000000777c80000,0x0000000778900000)
 ParOldGen       total 84480K, used 5055K [0x00000006c1200000, 0x00000006c6480000, 0x000000076b100000)
  object space 84480K, 5% used [0x00000006c1200000,0x00000006c16effa8,0x00000006c6480000)
 Metaspace       used 34689K, capacity 35104K, committed 35416K, reserved 1079296K
  class space    used 4531K, capacity 4640K, committed 4736K, reserved 1048576K
Event: 40.704 GC heap after
Heap after GC invocations=7 (full 2):
 PSYoungGen      total 140800K, used 0K [0x000000076b100000, 0x0000000778900000, 0x00000007c0000000)
  eden space 130048K, 0% used [0x000000076b100000,0x000000076b100000,0x0000000773000000)
  from space 10752K, 0% used [0x0000000773000000,0x0000000773000000,0x0000000773a80000)
  to   space 12800K, 0% used [0x0000000777c80000,0x0000000777c80000,0x0000000778900000)
 ParOldGen       total 109056K, used 14410K [0x00000006c1200000, 0x00000006c7c80000, 0x000000076b100000)
  object space 109056K, 13% used [0x00000006c1200000,0x00000006c2012b08,0x00000006c7c80000)
 Metaspace       used 34684K, capacity 35094K, committed 35416K, reserved 1079296K
  class space    used 4529K, capacity 4637K, committed 4736K, reserved 1048576K
}

