# JRE version: Java(TM) SE Runtime Environment (8.0_131-b11) (build 1.8.0_131-b11)
# Java VM: Java HotSpot(TM) 64-Bit Server VM (25.131-b11 mixed mode windows-amd64 compressed oops)
Heap:
 PSYoungGen      total 140800K, used 54723K [0x000000076b100000, 0x0000000776580000, 0x00000007c0000000)
  eden space 130048K, 42% used [0x000000076b100000,0x000000076e670c98,0x0000000773000000)
  from space 10752K, 0% used [0x0000000773000000,0x0000000773000000,0x0000000773a80000)
  to   space 12800K, 0% used [0x0000000775900000,0x0000000775900000,0x0000000776580000)
 ParOldGen       total 134144K, used 14280K [0x00000006c1200000, 0x00000006c9500000, 0x000000076b100000)
  object space 134144K, 10% used [0x00000006c1200000,0x00000006c1ff2028,0x00000006c9500000)
 Metaspace       used 35494K, capacity 35992K, committed 36184K, reserved 1081344K
  class space    used 4585K, capacity 4726K, committed 4736K, reserved 1048576K
GC Heap History (10 events):
Event: 2.428 GC heap before
{Heap before GC invocations=3 (full 0):
 PSYoungGen      total 76288K, used 15229K [0x000000076b100000, 0x0000000770600000, 0x00000007c0000000)
  eden space 65536K, 10% used [0x000000076b100000,0x000000076b786a20,0x000000076f100000)
  from space 10752K, 79% used [0x000000076fb80000,0x00000007703d8d38,0x0000000770600000)
  to   space 10752K, 0% used [0x000000076f100000,0x000000076f100000,0x000000076fb80000)
 ParOldGen       total 175104K, used 80K [0x00000006c1200000, 0x00000006cbd00000, 0x000000076b100000)
  object space 175104K, 0% used [0x00000006c1200000,0x00000006c1214010,0x00000006cbd00000)
 Metaspace       used 20831K, capacity 21058K, committed 21248K, reserved 1067008K
  class space    used 2672K, capacity 2741K, committed 2816K, reserved 1048576K
Event: 2.434 GC heap after
Heap after GC invocations=3 (full 0):
 PSYoungGen      total 76288K, used 4997K [0x000000076b100000, 0x0000000774600000, 0x00000007c0000000)
  eden space 65536K, 0% used [0x000000076b100000,0x000000076b100000,0x000000076f100000)
  from space 10752K, 46% used [0x000000076f100000,0x000000076f5e1620,0x000000076fb80000)
  to   space 10752K, 0% used [0x0000000773b80000,0x0000000773b80000,0x0000000774600000)
 ParOldGen       total 175104K, used 88K [0x00000006c1200000, 0x00000006cbd00000, 0x000000076b100000)
  object space 175104K, 0% used [0x00000006c1200000,0x00000006c1216010,0x00000006cbd00000)
 Metaspace       used 20831K, capacity 21058K, committed 21248K, reserved 1067008K
  class space    used 2672K, capacity 2741K, committed 2816K, reserved 1048576K
}
Event: 2.434 GC heap before
{Heap before GC invocations=4 (full 1):
 PSYoungGen      total 76288K, used 4997K [0x000000076b100000, 0x0000000774600000, 0x00000007c0000000)
  eden space 65536K, 0% used [0x000000076b100000,0x000000076b100000,0x000000076f100000)
  from space 10752K, 46% used [0x000000076f100000,0x000000076f5e1620,0x000000076fb80000)
  to   space 10752K, 0% used [0x0000000773b80000,0x0000000773b80000,0x0000000774600000)
 ParOldGen       total 175104K, used 88K [0x00000006c1200000, 0x00000006cbd00000, 0x000000076b100000)
  object space 175104K, 0% used [0x00000006c1200000,0x00000006c1216010,0x00000006cbd00000)
 Metaspace       used 20831K, capacity 21058K, committed 21248K, reserved 1067008K
  class space    used 2672K, capacity 2741K, committed 2816K, reserved 1048576K
Event: 2.464 GC heap after
Heap after GC invocations=4 (full 1):
 PSYoungGen      total 76288K, used 0K [0x000000076b100000, 0x0000000774600000, 0x00000007c0000000)
  eden space 65536K, 0% used [0x000000076b100000,0x000000076b100000,0x000000076f100000)
  from space 10752K, 0% used [0x000000076f100000,0x000000076f100000,0x000000076fb80000)
  to   space 10752K, 0% used [0x0000000773b80000,0x0000000773b80000,0x0000000774600000)
 ParOldGen       total 94208K, used 5022K [0x00000006c1200000, 0x00000006c6e00000, 0x000000076b100000)
  object space 94208K, 5% used [0x00000006c1200000,0x00000006c16e7a28,0x00000006c6e00000)
 Metaspace       used 20831K, capacity 21058K, committed 21248K, reserved 1067008K
  class space    used 2672K, capacity 2741K, committed 2816K, reserved 1048576K
}
Event: 4.262 GC heap before
{Heap before GC invocations=5 (full 1):
 PSYoungGen      total 76288K, used 65536K [0x000000076b100000, 0x0000000774600000, 0x00000007c0000000)
  eden space 65536K, 100% used [0x000000076b100000,0x000000076f100000,0x000000076f100000)
  from space 10752K, 0% used [0x000000076f100000,0x000000076f100000,0x000000076fb80000)
  to   space 10752K, 0% used [0x0000000773b80000,0x0000000773b80000,0x0000000774600000)
 ParOldGen       total 94208K, used 5022K [0x00000006c1200000, 0x00000006c6e00000, 0x000000076b100000)
  object space 94208K, 5% used [0x00000006c1200000,0x00000006c16e7a28,0x00000006c6e00000)
 Metaspace       used 28482K, capacity 28884K, committed 29184K, reserved 1075200K
  class space    used 3618K, capacity 3756K, committed 3840K, reserved 1048576K
Event: 4.270 GC heap after
Heap after GC invocations=5 (full 1):
 PSYoungGen      total 114176K, used 9658K [0x000000076b100000, 0x0000000774500000, 0x00000007c0000000)
  eden space 104448K, 0% used [0x000000076b100000,0x000000076b100000,0x0000000771700000)
  from space 9728K, 99% used [0x0000000773b80000,0x00000007744eeb60,0x0000000774500000)
  to   space 10752K, 0% used [0x0000000773000000,0x0000000773000000,0x0000000773a80000)
 ParOldGen       total 94208K, used 5030K [0x00000006c1200000, 0x00000006c6e00000, 0x000000076b100000)
  object space 94208K, 5% used [0x00000006c1200000,0x00000006c16e9a28,0x00000006c6e00000)
 Metaspace       used 28482K, capacity 28884K, committed 29184K, reserved 1075200K
  class space    used 3618K, capacity 3756K, committed 3840K, reserved 1048576K
}
Event: 38.694 GC heap before
{Heap before GC invocations=6 (full 1):
 PSYoungGen      total 114176K, used 70528K [0x000000076b100000, 0x0000000774500000, 0x00000007c0000000)
  eden space 104448K, 58% used [0x000000076b100000,0x000000076ec716f0,0x0000000771700000)
  from space 9728K, 99% used [0x0000000773b80000,0x00000007744eeb60,0x0000000774500000)
  to   space 10752K, 0% used [0x0000000773000000,0x0000000773000000,0x0000000773a80000)
 ParOldGen       total 94208K, used 5030K [0x00000006c1200000, 0x00000006c6e00000, 0x000000076b100000)
  object space 94208K, 5% used [0x00000006c1200000,0x00000006c16e9a28,0x00000006c6e00000)
 Metaspace       used 34741K, capacity 35130K, committed 35416K, reserved 1079296K
  class space    used 4535K, capacity 4647K, committed 4736K, reserved 1048576K
Event: 38.701 GC heap after
Heap after GC invocations=6 (full 1):
 PSYoungGen      total 140800K, used 10253K [0x000000076b100000, 0x0000000776580000, 0x00000007c0000000)
  eden space 130048K, 0% used [0x000000076b100000,0x000000076b100000,0x0000000773000000)
  from space 10752K, 95% used [0x0000000773000000,0x0000000773a037d0,0x0000000773a80000)
  to   space 12800K, 0% used [0x0000000775900000,0x0000000775900000,0x0000000776580000)
 ParOldGen       total 94208K, used 5038K [0x00000006c1200000, 0x00000006c6e00000, 0x000000076b100000)
  object space 94208K, 5% used [0x00000006c1200000,0x00000006c16eba28,0x00000006c6e00000)
 Metaspace       used 34741K, capacity 35130K, committed 35416K, reserved 1079296K
  class space    used 4535K, capacity 4647K, committed 4736K, reserved 1048576K
}
Event: 38.701 GC heap before
{Heap before GC invocations=7 (full 2):
 PSYoungGen      total 140800K, used 10253K [0x000000076b100000, 0x0000000776580000, 0x00000007c0000000)
  eden space 130048K, 0% used [0x000000076b100000,0x000000076b100000,0x0000000773000000)
  from space 10752K, 95% used [0x0000000773000000,0x0000000773a037d0,0x0000000773a80000)
  to   space 12800K, 0% used [0x0000000775900000,0x0000000775900000,0x0000000776580000)
 ParOldGen       total 94208K, used 5038K [0x00000006c1200000, 0x00000006c6e00000, 0x000000076b100000)
  object space 94208K, 5% used [0x00000006c1200000,0x00000006c16eba28,0x00000006c6e00000)
 Metaspace       used 34741K, capacity 35130K, committed 35416K, reserved 1079296K
  class space    used 4535K, capacity 4647K, committed 4736K, reserved 1048576K
Event: 38.750 GC heap after
Heap after GC invocations=7 (full 2):
 PSYoungGen      total 140800K, used 0K [0x000000076b100000, 0x0000000776580000, 0x00000007c0000000)
  eden space 130048K, 0% used [0x000000076b100000,0x000000076b100000,0x0000000773000000)
  from space 10752K, 0% used [0x0000000773000000,0x0000000773000000,0x0000000773a80000)
  to   space 12800K, 0% used [0x0000000775900000,0x0000000775900000,0x0000000776580000)
 ParOldGen       total 134144K, used 14280K [0x00000006c1200000, 0x00000006c9500000, 0x000000076b100000)
  object space 134144K, 10% used [0x00000006c1200000,0x00000006c1ff2028,0x00000006c9500000)
 Metaspace       used 34721K, capacity 35092K, committed 35416K, reserved 1079296K
  class space    used 4529K, capacity 4636K, committed 4736K, reserved 1048576K
}

