# JRE version: Java(TM) SE Runtime Environment (8.0_144-b01) (build 1.8.0_144-b01)
# Java VM: Java HotSpot(TM) 64-Bit Server VM (25.144-b01 mixed mode windows-amd64 compressed oops)
Heap:
 PSYoungGen      total 132096K, used 58481K [0x00000000d5d00000, 0x00000000dea00000, 0x0000000100000000)
  eden space 121856K, 47% used [0x00000000d5d00000,0x00000000d961c778,0x00000000dd400000)
  from space 10240K, 0% used [0x00000000de000000,0x00000000de000000,0x00000000dea00000)
  to   space 11264K, 0% used [0x00000000dd400000,0x00000000dd400000,0x00000000ddf00000)
 ParOldGen       total 52736K, used 12457K [0x0000000081600000, 0x0000000084980000, 0x00000000d5d00000)
  object space 52736K, 23% used [0x0000000081600000,0x000000008222a4e8,0x0000000084980000)
 Metaspace       used 37474K, capacity 38210K, committed 38488K, reserved 1083392K
  class space    used 4777K, capacity 4927K, committed 4992K, reserved 1048576K
GC Heap History (10 events):
Event: 3.906 GC heap before
{Heap before GC invocations=6 (full 1):
 PSYoungGen      total 38400K, used 4651K [0x00000000d5d00000, 0x00000000dae00000, 0x0000000100000000)
  eden space 33280K, 0% used [0x00000000d5d00000,0x00000000d5d00000,0x00000000d7d80000)
  from space 5120K, 90% used [0x00000000d7d80000,0x00000000d820acf8,0x00000000d8280000)
  to   space 8192K, 0% used [0x00000000da600000,0x00000000da600000,0x00000000dae00000)
 ParOldGen       total 87552K, used 2336K [0x0000000081600000, 0x0000000086b80000, 0x00000000d5d00000)
  object space 87552K, 2% used [0x0000000081600000,0x0000000081848180,0x0000000086b80000)
 Metaspace       used 20839K, capacity 21084K, committed 21248K, reserved 1067008K
  class space    used 2677K, capacity 2748K, committed 2816K, reserved 1048576K
Event: 3.957 GC heap after
Heap after GC invocations=6 (full 1):
 PSYoungGen      total 38400K, used 0K [0x00000000d5d00000, 0x00000000dae00000, 0x0000000100000000)
  eden space 33280K, 0% used [0x00000000d5d00000,0x00000000d5d00000,0x00000000d7d80000)
  from space 5120K, 0% used [0x00000000d7d80000,0x00000000d7d80000,0x00000000d8280000)
  to   space 8192K, 0% used [0x00000000da600000,0x00000000da600000,0x00000000dae00000)
 ParOldGen       total 41984K, used 4667K [0x0000000081600000, 0x0000000083f00000, 0x00000000d5d00000)
  object space 41984K, 11% used [0x0000000081600000,0x0000000081a8edb0,0x0000000083f00000)
 Metaspace       used 20828K, capacity 21058K, committed 21248K, reserved 1067008K
  class space    used 2673K, capacity 2741K, committed 2816K, reserved 1048576K
}
Event: 5.077 GC heap before
{Heap before GC invocations=7 (full 1):
 PSYoungGen      total 38400K, used 33280K [0x00000000d5d00000, 0x00000000dae00000, 0x0000000100000000)
  eden space 33280K, 100% used [0x00000000d5d00000,0x00000000d7d80000,0x00000000d7d80000)
  from space 5120K, 0% used [0x00000000d7d80000,0x00000000d7d80000,0x00000000d8280000)
  to   space 8192K, 0% used [0x00000000da600000,0x00000000da600000,0x00000000dae00000)
 ParOldGen       total 41984K, used 4667K [0x0000000081600000, 0x0000000083f00000, 0x00000000d5d00000)
  object space 41984K, 11% used [0x0000000081600000,0x0000000081a8edb0,0x0000000083f00000)
 Metaspace       used 24423K, capacity 24790K, committed 25088K, reserved 1071104K
  class space    used 3091K, capacity 3205K, committed 3328K, reserved 1048576K
Event: 5.083 GC heap after
Heap after GC invocations=7 (full 1):
 PSYoungGen      total 70656K, used 5940K [0x00000000d5d00000, 0x00000000dac00000, 0x0000000100000000)
  eden space 64512K, 0% used [0x00000000d5d00000,0x00000000d5d00000,0x00000000d9c00000)
  from space 6144K, 96% used [0x00000000da600000,0x00000000dabcd100,0x00000000dac00000)
  to   space 8192K, 0% used [0x00000000d9c00000,0x00000000d9c00000,0x00000000da400000)
 ParOldGen       total 41984K, used 4675K [0x0000000081600000, 0x0000000083f00000, 0x00000000d5d00000)
  object space 41984K, 11% used [0x0000000081600000,0x0000000081a90db0,0x0000000083f00000)
 Metaspace       used 24423K, capacity 24790K, committed 25088K, reserved 1071104K
  class space    used 3091K, capacity 3205K, committed 3328K, reserved 1048576K
}
Event: 6.439 GC heap before
{Heap before GC invocations=8 (full 1):
 PSYoungGen      total 70656K, used 70452K [0x00000000d5d00000, 0x00000000dac00000, 0x0000000100000000)
  eden space 64512K, 100% used [0x00000000d5d00000,0x00000000d9c00000,0x00000000d9c00000)
  from space 6144K, 96% used [0x00000000da600000,0x00000000dabcd100,0x00000000dac00000)
  to   space 8192K, 0% used [0x00000000d9c00000,0x00000000d9c00000,0x00000000da400000)
 ParOldGen       total 41984K, used 4675K [0x0000000081600000, 0x0000000083f00000, 0x00000000d5d00000)
  object space 41984K, 11% used [0x0000000081600000,0x0000000081a90db0,0x0000000083f00000)
 Metaspace       used 31633K, capacity 32128K, committed 32512K, reserved 1077248K
  class space    used 4154K, capacity 4286K, committed 4352K, reserved 1048576K
Event: 6.457 GC heap after
Heap after GC invocations=8 (full 1):
 PSYoungGen      total 72704K, used 8173K [0x00000000d5d00000, 0x00000000dea80000, 0x0000000100000000)
  eden space 64512K, 0% used [0x00000000d5d00000,0x00000000d5d00000,0x00000000d9c00000)
  from space 8192K, 99% used [0x00000000d9c00000,0x00000000da3fb5a8,0x00000000da400000)
  to   space 10752K, 0% used [0x00000000de000000,0x00000000de000000,0x00000000dea80000)
 ParOldGen       total 41984K, used 7219K [0x0000000081600000, 0x0000000083f00000, 0x00000000d5d00000)
  object space 41984K, 17% used [0x0000000081600000,0x0000000081d0cdc0,0x0000000083f00000)
 Metaspace       used 31633K, capacity 32128K, committed 32512K, reserved 1077248K
  class space    used 4154K, capacity 4286K, committed 4352K, reserved 1048576K
}
Event: 36.313 GC heap before
{Heap before GC invocations=9 (full 1):
 PSYoungGen      total 72704K, used 37818K [0x00000000d5d00000, 0x00000000dea80000, 0x0000000100000000)
  eden space 64512K, 45% used [0x00000000d5d00000,0x00000000d79f3360,0x00000000d9c00000)
  from space 8192K, 99% used [0x00000000d9c00000,0x00000000da3fb5a8,0x00000000da400000)
  to   space 10752K, 0% used [0x00000000de000000,0x00000000de000000,0x00000000dea80000)
 ParOldGen       total 41984K, used 7219K [0x0000000081600000, 0x0000000083f00000, 0x00000000d5d00000)
  object space 41984K, 17% used [0x0000000081600000,0x0000000081d0cdc0,0x0000000083f00000)
 Metaspace       used 34751K, capacity 35146K, committed 35416K, reserved 1079296K
  class space    used 4526K, capacity 4649K, committed 4736K, reserved 1048576K
Event: 36.327 GC heap after
Heap after GC invocations=9 (full 1):
 PSYoungGen      total 132096K, used 8119K [0x00000000d5d00000, 0x00000000dea00000, 0x0000000100000000)
  eden space 121856K, 0% used [0x00000000d5d00000,0x00000000d5d00000,0x00000000dd400000)
  from space 10240K, 79% used [0x00000000de000000,0x00000000de7edfb8,0x00000000dea00000)
  to   space 11264K, 0% used [0x00000000dd400000,0x00000000dd400000,0x00000000ddf00000)
 ParOldGen       total 41984K, used 7227K [0x0000000081600000, 0x0000000083f00000, 0x00000000d5d00000)
  object space 41984K, 17% used [0x0000000081600000,0x0000000081d0edc0,0x0000000083f00000)
 Metaspace       used 34751K, capacity 35146K, committed 35416K, reserved 1079296K
  class space    used 4526K, capacity 4649K, committed 4736K, reserved 1048576K
}
Event: 36.327 GC heap before
{Heap before GC invocations=10 (full 2):
 PSYoungGen      total 132096K, used 8119K [0x00000000d5d00000, 0x00000000dea00000, 0x0000000100000000)
  eden space 121856K, 0% used [0x00000000d5d00000,0x00000000d5d00000,0x00000000dd400000)
  from space 10240K, 79% used [0x00000000de000000,0x00000000de7edfb8,0x00000000dea00000)
  to   space 11264K, 0% used [0x00000000dd400000,0x00000000dd400000,0x00000000ddf00000)
 ParOldGen       total 41984K, used 7227K [0x0000000081600000, 0x0000000083f00000, 0x00000000d5d00000)
  object space 41984K, 17% used [0x0000000081600000,0x0000000081d0edc0,0x0000000083f00000)
 Metaspace       used 34751K, capacity 35146K, committed 35416K, reserved 1079296K
  class space    used 4526K, capacity 4649K, committed 4736K, reserved 1048576K
Event: 36.373 GC heap after
Heap after GC invocations=10 (full 2):
 PSYoungGen      total 132096K, used 0K [0x00000000d5d00000, 0x00000000dea00000, 0x0000000100000000)
  eden space 121856K, 0% used [0x00000000d5d00000,0x00000000d5d00000,0x00000000dd400000)
  from space 10240K, 0% used [0x00000000de000000,0x00000000de000000,0x00000000dea00000)
  to   space 11264K, 0% used [0x00000000dd400000,0x00000000dd400000,0x00000000ddf00000)
 ParOldGen       total 52736K, used 12457K [0x0000000081600000, 0x0000000084980000, 0x00000000d5d00000)
  object space 52736K, 23% used [0x0000000081600000,0x000000008222a4e8,0x0000000084980000)
 Metaspace       used 34721K, capacity 35094K, committed 35416K, reserved 1079296K
  class space    used 4518K, capacity 4635K, committed 4736K, reserved 1048576K
}

