# JRE version: Java(TM) SE Runtime Environment (8.0_131-b11) (build 1.8.0_131-b11)
# Java VM: Java HotSpot(TM) 64-Bit Server VM (25.131-b11 mixed mode windows-amd64 compressed oops)
Heap:
 PSYoungGen      total 140800K, used 32628K [0x000000076b100000, 0x0000000777800000, 0x00000007c0000000)
  eden space 130048K, 25% used [0x000000076b100000,0x000000076d0dd120,0x0000000773000000)
  from space 10752K, 0% used [0x0000000773000000,0x0000000773000000,0x0000000773a80000)
  to   space 13312K, 0% used [0x0000000776b00000,0x0000000776b00000,0x0000000777800000)
 ParOldGen       total 121856K, used 14857K [0x00000006c1200000, 0x00000006c8900000, 0x000000076b100000)
  object space 121856K, 12% used [0x00000006c1200000,0x00000006c20827d8,0x00000006c8900000)
 Metaspace       used 37479K, capacity 38292K, committed 38488K, reserved 1083392K
  class space    used 4779K, capacity 4930K, committed 4992K, reserved 1048576K
GC Heap History (10 events):
Event: 2.709 GC heap before
{Heap before GC invocations=3 (full 0):
 PSYoungGen      total 76288K, used 15006K [0x000000076b100000, 0x0000000770600000, 0x00000007c0000000)
  eden space 65536K, 9% used [0x000000076b100000,0x000000076b735d40,0x000000076f100000)
  from space 10752K, 80% used [0x000000076fb80000,0x00000007703f1c18,0x0000000770600000)
  to   space 10752K, 0% used [0x000000076f100000,0x000000076f100000,0x000000076fb80000)
 ParOldGen       total 175104K, used 88K [0x00000006c1200000, 0x00000006cbd00000, 0x000000076b100000)
  object space 175104K, 0% used [0x00000006c1200000,0x00000006c1216010,0x00000006cbd00000)
 Metaspace       used 20811K, capacity 21084K, committed 21248K, reserved 1067008K
  class space    used 2669K, capacity 2748K, committed 2816K, reserved 1048576K
Event: 2.712 GC heap after
Heap after GC invocations=3 (full 0):
 PSYoungGen      total 76288K, used 4980K [0x000000076b100000, 0x0000000774600000, 0x00000007c0000000)
  eden space 65536K, 0% used [0x000000076b100000,0x000000076b100000,0x000000076f100000)
  from space 10752K, 46% used [0x000000076f100000,0x000000076f5dd1f8,0x000000076fb80000)
  to   space 10752K, 0% used [0x0000000773b80000,0x0000000773b80000,0x0000000774600000)
 ParOldGen       total 175104K, used 96K [0x00000006c1200000, 0x00000006cbd00000, 0x000000076b100000)
  object space 175104K, 0% used [0x00000006c1200000,0x00000006c1218010,0x00000006cbd00000)
 Metaspace       used 20811K, capacity 21084K, committed 21248K, reserved 1067008K
  class space    used 2669K, capacity 2748K, committed 2816K, reserved 1048576K
}
Event: 2.712 GC heap before
{Heap before GC invocations=4 (full 1):
 PSYoungGen      total 76288K, used 4980K [0x000000076b100000, 0x0000000774600000, 0x00000007c0000000)
  eden space 65536K, 0% used [0x000000076b100000,0x000000076b100000,0x000000076f100000)
  from space 10752K, 46% used [0x000000076f100000,0x000000076f5dd1f8,0x000000076fb80000)
  to   space 10752K, 0% used [0x0000000773b80000,0x0000000773b80000,0x0000000774600000)
 ParOldGen       total 175104K, used 96K [0x00000006c1200000, 0x00000006cbd00000, 0x000000076b100000)
  object space 175104K, 0% used [0x00000006c1200000,0x00000006c1218010,0x00000006cbd00000)
 Metaspace       used 20811K, capacity 21084K, committed 21248K, reserved 1067008K
  class space    used 2669K, capacity 2748K, committed 2816K, reserved 1048576K
Event: 2.735 GC heap after
Heap after GC invocations=4 (full 1):
 PSYoungGen      total 76288K, used 0K [0x000000076b100000, 0x0000000774600000, 0x00000007c0000000)
  eden space 65536K, 0% used [0x000000076b100000,0x000000076b100000,0x000000076f100000)
  from space 10752K, 0% used [0x000000076f100000,0x000000076f100000,0x000000076fb80000)
  to   space 10752K, 0% used [0x0000000773b80000,0x0000000773b80000,0x0000000774600000)
 ParOldGen       total 89088K, used 4979K [0x00000006c1200000, 0x00000006c6900000, 0x000000076b100000)
  object space 89088K, 5% used [0x00000006c1200000,0x00000006c16dcf28,0x00000006c6900000)
 Metaspace       used 20800K, capacity 21058K, committed 21248K, reserved 1067008K
  class space    used 2665K, capacity 2741K, committed 2816K, reserved 1048576K
}
Event: 4.520 GC heap before
{Heap before GC invocations=5 (full 1):
 PSYoungGen      total 76288K, used 65536K [0x000000076b100000, 0x0000000774600000, 0x00000007c0000000)
  eden space 65536K, 100% used [0x000000076b100000,0x000000076f100000,0x000000076f100000)
  from space 10752K, 0% used [0x000000076f100000,0x000000076f100000,0x000000076fb80000)
  to   space 10752K, 0% used [0x0000000773b80000,0x0000000773b80000,0x0000000774600000)
 ParOldGen       total 89088K, used 4979K [0x00000006c1200000, 0x00000006c6900000, 0x000000076b100000)
  object space 89088K, 5% used [0x00000006c1200000,0x00000006c16dcf28,0x00000006c6900000)
 Metaspace       used 28139K, capacity 28538K, committed 28928K, reserved 1075200K
  class space    used 3583K, capacity 3725K, committed 3840K, reserved 1048576K
Event: 4.528 GC heap after
Heap after GC invocations=5 (full 1):
 PSYoungGen      total 119808K, used 9667K [0x000000076b100000, 0x0000000774500000, 0x00000007c0000000)
  eden space 110080K, 0% used [0x000000076b100000,0x000000076b100000,0x0000000771c80000)
  from space 9728K, 99% used [0x0000000773b80000,0x00000007744f0ea0,0x0000000774500000)
  to   space 10752K, 0% used [0x0000000773000000,0x0000000773000000,0x0000000773a80000)
 ParOldGen       total 89088K, used 4987K [0x00000006c1200000, 0x00000006c6900000, 0x000000076b100000)
  object space 89088K, 5% used [0x00000006c1200000,0x00000006c16def28,0x00000006c6900000)
 Metaspace       used 28139K, capacity 28538K, committed 28928K, reserved 1075200K
  class space    used 3583K, capacity 3725K, committed 3840K, reserved 1048576K
}
Event: 69.390 GC heap before
{Heap before GC invocations=6 (full 1):
 PSYoungGen      total 119808K, used 77448K [0x000000076b100000, 0x0000000774500000, 0x00000007c0000000)
  eden space 110080K, 61% used [0x000000076b100000,0x000000076f331398,0x0000000771c80000)
  from space 9728K, 99% used [0x0000000773b80000,0x00000007744f0ea0,0x0000000774500000)
  to   space 10752K, 0% used [0x0000000773000000,0x0000000773000000,0x0000000773a80000)
 ParOldGen       total 89088K, used 4987K [0x00000006c1200000, 0x00000006c6900000, 0x000000076b100000)
  object space 89088K, 5% used [0x00000006c1200000,0x00000006c16def28,0x00000006c6900000)
 Metaspace       used 34739K, capacity 35148K, committed 35416K, reserved 1079296K
  class space    used 4525K, capacity 4650K, committed 4736K, reserved 1048576K
Event: 69.398 GC heap after
Heap after GC invocations=6 (full 1):
 PSYoungGen      total 140800K, used 10749K [0x000000076b100000, 0x0000000777800000, 0x00000007c0000000)
  eden space 130048K, 0% used [0x000000076b100000,0x000000076b100000,0x0000000773000000)
  from space 10752K, 99% used [0x0000000773000000,0x0000000773a7f780,0x0000000773a80000)
  to   space 13312K, 0% used [0x0000000776b00000,0x0000000776b00000,0x0000000777800000)
 ParOldGen       total 89088K, used 5173K [0x00000006c1200000, 0x00000006c6900000, 0x000000076b100000)
  object space 89088K, 5% used [0x00000006c1200000,0x00000006c170d4f8,0x00000006c6900000)
 Metaspace       used 34739K, capacity 35148K, committed 35416K, reserved 1079296K
  class space    used 4525K, capacity 4650K, committed 4736K, reserved 1048576K
}
Event: 69.398 GC heap before
{Heap before GC invocations=7 (full 2):
 PSYoungGen      total 140800K, used 10749K [0x000000076b100000, 0x0000000777800000, 0x00000007c0000000)
  eden space 130048K, 0% used [0x000000076b100000,0x000000076b100000,0x0000000773000000)
  from space 10752K, 99% used [0x0000000773000000,0x0000000773a7f780,0x0000000773a80000)
  to   space 13312K, 0% used [0x0000000776b00000,0x0000000776b00000,0x0000000777800000)
 ParOldGen       total 89088K, used 5173K [0x00000006c1200000, 0x00000006c6900000, 0x000000076b100000)
  object space 89088K, 5% used [0x00000006c1200000,0x00000006c170d4f8,0x00000006c6900000)
 Metaspace       used 34739K, capacity 35148K, committed 35416K, reserved 1079296K
  class space    used 4525K, capacity 4650K, committed 4736K, reserved 1048576K
Event: 69.453 GC heap after
Heap after GC invocations=7 (full 2):
 PSYoungGen      total 140800K, used 0K [0x000000076b100000, 0x0000000777800000, 0x00000007c0000000)
  eden space 130048K, 0% used [0x000000076b100000,0x000000076b100000,0x0000000773000000)
  from space 10752K, 0% used [0x0000000773000000,0x0000000773000000,0x0000000773a80000)
  to   space 13312K, 0% used [0x0000000776b00000,0x0000000776b00000,0x0000000777800000)
 ParOldGen       total 121856K, used 14857K [0x00000006c1200000, 0x00000006c8900000, 0x000000076b100000)
  object space 121856K, 12% used [0x00000006c1200000,0x00000006c20827d8,0x00000006c8900000)
 Metaspace       used 34711K, capacity 35096K, committed 35416K, reserved 1079296K
  class space    used 4516K, capacity 4636K, committed 4736K, reserved 1048576K
}

