# JRE version: Java(TM) SE Runtime Environment (8.0_131-b11) (build 1.8.0_131-b11)
# Java VM: Java HotSpot(TM) 64-Bit Server VM (25.131-b11 mixed mode windows-amd64 compressed oops)
Heap:
 PSYoungGen      total 140800K, used 29174K [0x000000076b100000, 0x0000000778480000, 0x00000007c0000000)
  eden space 130048K, 22% used [0x000000076b100000,0x000000076cd7d8d0,0x0000000773000000)
  from space 10752K, 0% used [0x0000000773000000,0x0000000773000000,0x0000000773a80000)
  to   space 13312K, 0% used [0x0000000777780000,0x0000000777780000,0x0000000778480000)
 ParOldGen       total 112128K, used 14566K [0x00000006c1200000, 0x00000006c7f80000, 0x000000076b100000)
  object space 112128K, 12% used [0x00000006c1200000,0x00000006c2039920,0x00000006c7f80000)
 Metaspace       used 37498K, capacity 38286K, committed 38488K, reserved 1083392K
  class space    used 4779K, capacity 4929K, committed 4992K, reserved 1048576K
GC Heap History (10 events):
Event: 2.363 GC heap before
{Heap before GC invocations=3 (full 0):
 PSYoungGen      total 76288K, used 15288K [0x000000076b100000, 0x0000000770600000, 0x00000007c0000000)
  eden space 65536K, 10% used [0x000000076b100000,0x000000076b7930f8,0x000000076f100000)
  from space 10752K, 79% used [0x000000076fb80000,0x00000007703db208,0x0000000770600000)
  to   space 10752K, 0% used [0x000000076f100000,0x000000076f100000,0x000000076fb80000)
 ParOldGen       total 175104K, used 99K [0x00000006c1200000, 0x00000006cbd00000, 0x000000076b100000)
  object space 175104K, 0% used [0x00000006c1200000,0x00000006c1218c28,0x00000006cbd00000)
 Metaspace       used 20851K, capacity 21064K, committed 21248K, reserved 1067008K
  class space    used 2672K, capacity 2742K, committed 2816K, reserved 1048576K
Event: 2.384 GC heap after
Heap after GC invocations=3 (full 0):
 PSYoungGen      total 76288K, used 5029K [0x000000076b100000, 0x0000000774600000, 0x00000007c0000000)
  eden space 65536K, 0% used [0x000000076b100000,0x000000076b100000,0x000000076f100000)
  from space 10752K, 46% used [0x000000076f100000,0x000000076f5e9620,0x000000076fb80000)
  to   space 10752K, 0% used [0x0000000773b80000,0x0000000773b80000,0x0000000774600000)
 ParOldGen       total 175104K, used 107K [0x00000006c1200000, 0x00000006cbd00000, 0x000000076b100000)
  object space 175104K, 0% used [0x00000006c1200000,0x00000006c121ac28,0x00000006cbd00000)
 Metaspace       used 20851K, capacity 21064K, committed 21248K, reserved 1067008K
  class space    used 2672K, capacity 2742K, committed 2816K, reserved 1048576K
}
Event: 2.384 GC heap before
{Heap before GC invocations=4 (full 1):
 PSYoungGen      total 76288K, used 5029K [0x000000076b100000, 0x0000000774600000, 0x00000007c0000000)
  eden space 65536K, 0% used [0x000000076b100000,0x000000076b100000,0x000000076f100000)
  from space 10752K, 46% used [0x000000076f100000,0x000000076f5e9620,0x000000076fb80000)
  to   space 10752K, 0% used [0x0000000773b80000,0x0000000773b80000,0x0000000774600000)
 ParOldGen       total 175104K, used 107K [0x00000006c1200000, 0x00000006cbd00000, 0x000000076b100000)
  object space 175104K, 0% used [0x00000006c1200000,0x00000006c121ac28,0x00000006cbd00000)
 Metaspace       used 20851K, capacity 21064K, committed 21248K, reserved 1067008K
  class space    used 2672K, capacity 2742K, committed 2816K, reserved 1048576K
Event: 2.425 GC heap after
Heap after GC invocations=4 (full 1):
 PSYoungGen      total 76288K, used 0K [0x000000076b100000, 0x0000000774600000, 0x00000007c0000000)
  eden space 65536K, 0% used [0x000000076b100000,0x000000076b100000,0x000000076f100000)
  from space 10752K, 0% used [0x000000076f100000,0x000000076f100000,0x000000076fb80000)
  to   space 10752K, 0% used [0x0000000773b80000,0x0000000773b80000,0x0000000774600000)
 ParOldGen       total 85504K, used 5008K [0x00000006c1200000, 0x00000006c6580000, 0x000000076b100000)
  object space 85504K, 5% used [0x00000006c1200000,0x00000006c16e4068,0x00000006c6580000)
 Metaspace       used 20850K, capacity 21058K, committed 21248K, reserved 1067008K
  class space    used 2672K, capacity 2741K, committed 2816K, reserved 1048576K
}
Event: 4.018 GC heap before
{Heap before GC invocations=5 (full 1):
 PSYoungGen      total 76288K, used 65536K [0x000000076b100000, 0x0000000774600000, 0x00000007c0000000)
  eden space 65536K, 100% used [0x000000076b100000,0x000000076f100000,0x000000076f100000)
  from space 10752K, 0% used [0x000000076f100000,0x000000076f100000,0x000000076fb80000)
  to   space 10752K, 0% used [0x0000000773b80000,0x0000000773b80000,0x0000000774600000)
 ParOldGen       total 85504K, used 5015K [0x00000006c1200000, 0x00000006c6580000, 0x000000076b100000)
  object space 85504K, 5% used [0x00000006c1200000,0x00000006c16e5fc0,0x00000006c6580000)
 Metaspace       used 28331K, capacity 28716K, committed 29184K, reserved 1075200K
  class space    used 3600K, capacity 3722K, committed 3840K, reserved 1048576K
Event: 4.028 GC heap after
Heap after GC invocations=5 (full 1):
 PSYoungGen      total 123392K, used 9483K [0x000000076b100000, 0x0000000774500000, 0x00000007c0000000)
  eden space 113664K, 0% used [0x000000076b100000,0x000000076b100000,0x0000000772000000)
  from space 9728K, 97% used [0x0000000773b80000,0x00000007744c2e08,0x0000000774500000)
  to   space 10752K, 0% used [0x0000000773000000,0x0000000773000000,0x0000000773a80000)
 ParOldGen       total 85504K, used 5023K [0x00000006c1200000, 0x00000006c6580000, 0x000000076b100000)
  object space 85504K, 5% used [0x00000006c1200000,0x00000006c16e7fc0,0x00000006c6580000)
 Metaspace       used 28331K, capacity 28716K, committed 29184K, reserved 1075200K
  class space    used 3600K, capacity 3722K, committed 3840K, reserved 1048576K
}
Event: 62.811 GC heap before
{Heap before GC invocations=6 (full 1):
 PSYoungGen      total 123392K, used 75112K [0x000000076b100000, 0x0000000774500000, 0x00000007c0000000)
  eden space 113664K, 57% used [0x000000076b100000,0x000000076f1173e8,0x0000000772000000)
  from space 9728K, 97% used [0x0000000773b80000,0x00000007744c2e08,0x0000000774500000)
  to   space 10752K, 0% used [0x0000000773000000,0x0000000773000000,0x0000000773a80000)
 ParOldGen       total 85504K, used 5023K [0x00000006c1200000, 0x00000006c6580000, 0x000000076b100000)
  object space 85504K, 5% used [0x00000006c1200000,0x00000006c16e7fc0,0x00000006c6580000)
 Metaspace       used 34701K, capacity 35132K, committed 35416K, reserved 1079296K
  class space    used 4523K, capacity 4646K, committed 4736K, reserved 1048576K
Event: 62.819 GC heap after
Heap after GC invocations=6 (full 1):
 PSYoungGen      total 140800K, used 10630K [0x000000076b100000, 0x0000000778480000, 0x00000007c0000000)
  eden space 130048K, 0% used [0x000000076b100000,0x000000076b100000,0x0000000773000000)
  from space 10752K, 98% used [0x0000000773000000,0x0000000773a618a0,0x0000000773a80000)
  to   space 13312K, 0% used [0x0000000777780000,0x0000000777780000,0x0000000778480000)
 ParOldGen       total 85504K, used 5039K [0x00000006c1200000, 0x00000006c6580000, 0x000000076b100000)
  object space 85504K, 5% used [0x00000006c1200000,0x00000006c16ebfd0,0x00000006c6580000)
 Metaspace       used 34701K, capacity 35132K, committed 35416K, reserved 1079296K
  class space    used 4523K, capacity 4646K, committed 4736K, reserved 1048576K
}
Event: 62.819 GC heap before
{Heap before GC invocations=7 (full 2):
 PSYoungGen      total 140800K, used 10630K [0x000000076b100000, 0x0000000778480000, 0x00000007c0000000)
  eden space 130048K, 0% used [0x000000076b100000,0x000000076b100000,0x0000000773000000)
  from space 10752K, 98% used [0x0000000773000000,0x0000000773a618a0,0x0000000773a80000)
  to   space 13312K, 0% used [0x0000000777780000,0x0000000777780000,0x0000000778480000)
 ParOldGen       total 85504K, used 5039K [0x00000006c1200000, 0x00000006c6580000, 0x000000076b100000)
  object space 85504K, 5% used [0x00000006c1200000,0x00000006c16ebfd0,0x00000006c6580000)
 Metaspace       used 34701K, capacity 35132K, committed 35416K, reserved 1079296K
  class space    used 4523K, capacity 4646K, committed 4736K, reserved 1048576K
Event: 62.870 GC heap after
Heap after GC invocations=7 (full 2):
 PSYoungGen      total 140800K, used 0K [0x000000076b100000, 0x0000000778480000, 0x00000007c0000000)
  eden space 130048K, 0% used [0x000000076b100000,0x000000076b100000,0x0000000773000000)
  from space 10752K, 0% used [0x0000000773000000,0x0000000773000000,0x0000000773a80000)
  to   space 13312K, 0% used [0x0000000777780000,0x0000000777780000,0x0000000778480000)
 ParOldGen       total 112128K, used 14566K [0x00000006c1200000, 0x00000006c7f80000, 0x000000076b100000)
  object space 112128K, 12% used [0x00000006c1200000,0x00000006c2039920,0x00000006c7f80000)
 Metaspace       used 34682K, capacity 35094K, committed 35416K, reserved 1079296K
  class space    used 4517K, capacity 4635K, committed 4736K, reserved 1048576K
}

