# JRE version: Java(TM) SE Runtime Environment (8.0_131-b11) (build 1.8.0_131-b11)
# Java VM: Java HotSpot(TM) 64-Bit Server VM (25.131-b11 mixed mode windows-amd64 compressed oops)
Heap:
 PSYoungGen      total 140800K, used 58114K [0x000000076b100000, 0x0000000776f80000, 0x00000007c0000000)
  eden space 130048K, 44% used [0x000000076b100000,0x000000076e9c0978,0x0000000773000000)
  from space 10752K, 0% used [0x0000000773000000,0x0000000773000000,0x0000000773a80000)
  to   space 12800K, 0% used [0x0000000776300000,0x0000000776300000,0x0000000776f80000)
 ParOldGen       total 128512K, used 14388K [0x00000006c1200000, 0x00000006c8f80000, 0x000000076b100000)
  object space 128512K, 11% used [0x00000006c1200000,0x00000006c200d290,0x00000006c8f80000)
 Metaspace       used 35544K, capacity 36074K, committed 36440K, reserved 1081344K
  class space    used 4585K, capacity 4727K, committed 4736K, reserved 1048576K
GC Heap History (10 events):
Event: 3.000 GC heap before
{Heap before GC invocations=3 (full 0):
 PSYoungGen      total 76288K, used 15224K [0x000000076b100000, 0x0000000770600000, 0x00000007c0000000)
  eden space 65536K, 10% used [0x000000076b100000,0x000000076b77f458,0x000000076f100000)
  from space 10752K, 79% used [0x000000076fb80000,0x00000007703dece8,0x0000000770600000)
  to   space 10752K, 0% used [0x000000076f100000,0x000000076f100000,0x000000076fb80000)
 ParOldGen       total 175104K, used 88K [0x00000006c1200000, 0x00000006cbd00000, 0x000000076b100000)
  object space 175104K, 0% used [0x00000006c1200000,0x00000006c1216010,0x00000006cbd00000)
 Metaspace       used 20857K, capacity 21082K, committed 21248K, reserved 1067008K
  class space    used 2675K, capacity 2747K, committed 2816K, reserved 1048576K
Event: 3.004 GC heap after
Heap after GC invocations=3 (full 0):
 PSYoungGen      total 76288K, used 5061K [0x000000076b100000, 0x0000000774600000, 0x00000007c0000000)
  eden space 65536K, 0% used [0x000000076b100000,0x000000076b100000,0x000000076f100000)
  from space 10752K, 47% used [0x000000076f100000,0x000000076f5f1600,0x000000076fb80000)
  to   space 10752K, 0% used [0x0000000773b80000,0x0000000773b80000,0x0000000774600000)
 ParOldGen       total 175104K, used 96K [0x00000006c1200000, 0x00000006cbd00000, 0x000000076b100000)
  object space 175104K, 0% used [0x00000006c1200000,0x00000006c1218010,0x00000006cbd00000)
 Metaspace       used 20857K, capacity 21082K, committed 21248K, reserved 1067008K
  class space    used 2675K, capacity 2747K, committed 2816K, reserved 1048576K
}
Event: 3.004 GC heap before
{Heap before GC invocations=4 (full 1):
 PSYoungGen      total 76288K, used 5061K [0x000000076b100000, 0x0000000774600000, 0x00000007c0000000)
  eden space 65536K, 0% used [0x000000076b100000,0x000000076b100000,0x000000076f100000)
  from space 10752K, 47% used [0x000000076f100000,0x000000076f5f1600,0x000000076fb80000)
  to   space 10752K, 0% used [0x0000000773b80000,0x0000000773b80000,0x0000000774600000)
 ParOldGen       total 175104K, used 96K [0x00000006c1200000, 0x00000006cbd00000, 0x000000076b100000)
  object space 175104K, 0% used [0x00000006c1200000,0x00000006c1218010,0x00000006cbd00000)
 Metaspace       used 20857K, capacity 21082K, committed 21248K, reserved 1067008K
  class space    used 2675K, capacity 2747K, committed 2816K, reserved 1048576K
Event: 3.026 GC heap after
Heap after GC invocations=4 (full 1):
 PSYoungGen      total 76288K, used 0K [0x000000076b100000, 0x0000000774600000, 0x00000007c0000000)
  eden space 65536K, 0% used [0x000000076b100000,0x000000076b100000,0x000000076f100000)
  from space 10752K, 0% used [0x000000076f100000,0x000000076f100000,0x000000076fb80000)
  to   space 10752K, 0% used [0x0000000773b80000,0x0000000773b80000,0x0000000774600000)
 ParOldGen       total 91648K, used 5015K [0x00000006c1200000, 0x00000006c6b80000, 0x000000076b100000)
  object space 91648K, 5% used [0x00000006c1200000,0x00000006c16e5ff0,0x00000006c6b80000)
 Metaspace       used 20847K, capacity 21058K, committed 21248K, reserved 1067008K
  class space    used 2671K, capacity 2741K, committed 2816K, reserved 1048576K
}
Event: 4.694 GC heap before
{Heap before GC invocations=5 (full 1):
 PSYoungGen      total 76288K, used 65536K [0x000000076b100000, 0x0000000774600000, 0x00000007c0000000)
  eden space 65536K, 100% used [0x000000076b100000,0x000000076f100000,0x000000076f100000)
  from space 10752K, 0% used [0x000000076f100000,0x000000076f100000,0x000000076fb80000)
  to   space 10752K, 0% used [0x0000000773b80000,0x0000000773b80000,0x0000000774600000)
 ParOldGen       total 91648K, used 5015K [0x00000006c1200000, 0x00000006c6b80000, 0x000000076b100000)
  object space 91648K, 5% used [0x00000006c1200000,0x00000006c16e5ff0,0x00000006c6b80000)
 Metaspace       used 28369K, capacity 28722K, committed 29184K, reserved 1075200K
  class space    used 3609K, capacity 3723K, committed 3840K, reserved 1048576K
Event: 4.701 GC heap after
Heap after GC invocations=5 (full 1):
 PSYoungGen      total 117248K, used 9530K [0x000000076b100000, 0x0000000774500000, 0x00000007c0000000)
  eden space 107520K, 0% used [0x000000076b100000,0x000000076b100000,0x0000000771a00000)
  from space 9728K, 97% used [0x0000000773b80000,0x00000007744ce8f8,0x0000000774500000)
  to   space 10752K, 0% used [0x0000000773000000,0x0000000773000000,0x0000000773a80000)
 ParOldGen       total 91648K, used 5023K [0x00000006c1200000, 0x00000006c6b80000, 0x000000076b100000)
  object space 91648K, 5% used [0x00000006c1200000,0x00000006c16e7ff0,0x00000006c6b80000)
 Metaspace       used 28369K, capacity 28722K, committed 29184K, reserved 1075200K
  class space    used 3609K, capacity 3723K, committed 3840K, reserved 1048576K
}
Event: 45.628 GC heap before
{Heap before GC invocations=6 (full 1):
 PSYoungGen      total 117248K, used 72192K [0x000000076b100000, 0x0000000774500000, 0x00000007c0000000)
  eden space 107520K, 58% used [0x000000076b100000,0x000000076ee31970,0x0000000771a00000)
  from space 9728K, 97% used [0x0000000773b80000,0x00000007744ce8f8,0x0000000774500000)
  to   space 10752K, 0% used [0x0000000773000000,0x0000000773000000,0x0000000773a80000)
 ParOldGen       total 91648K, used 5023K [0x00000006c1200000, 0x00000006c6b80000, 0x000000076b100000)
  object space 91648K, 5% used [0x00000006c1200000,0x00000006c16e7ff0,0x00000006c6b80000)
 Metaspace       used 34752K, capacity 35140K, committed 35416K, reserved 1079296K
  class space    used 4535K, capacity 4648K, committed 4736K, reserved 1048576K
Event: 45.643 GC heap after
Heap after GC invocations=6 (full 1):
 PSYoungGen      total 140800K, used 10357K [0x000000076b100000, 0x0000000776f80000, 0x00000007c0000000)
  eden space 130048K, 0% used [0x000000076b100000,0x000000076b100000,0x0000000773000000)
  from space 10752K, 96% used [0x0000000773000000,0x0000000773a1d588,0x0000000773a80000)
  to   space 12800K, 0% used [0x0000000776300000,0x0000000776300000,0x0000000776f80000)
 ParOldGen       total 91648K, used 5031K [0x00000006c1200000, 0x00000006c6b80000, 0x000000076b100000)
  object space 91648K, 5% used [0x00000006c1200000,0x00000006c16e9ff0,0x00000006c6b80000)
 Metaspace       used 34752K, capacity 35140K, committed 35416K, reserved 1079296K
  class space    used 4535K, capacity 4648K, committed 4736K, reserved 1048576K
}
Event: 45.643 GC heap before
{Heap before GC invocations=7 (full 2):
 PSYoungGen      total 140800K, used 10357K [0x000000076b100000, 0x0000000776f80000, 0x00000007c0000000)
  eden space 130048K, 0% used [0x000000076b100000,0x000000076b100000,0x0000000773000000)
  from space 10752K, 96% used [0x0000000773000000,0x0000000773a1d588,0x0000000773a80000)
  to   space 12800K, 0% used [0x0000000776300000,0x0000000776300000,0x0000000776f80000)
 ParOldGen       total 91648K, used 5031K [0x00000006c1200000, 0x00000006c6b80000, 0x000000076b100000)
  object space 91648K, 5% used [0x00000006c1200000,0x00000006c16e9ff0,0x00000006c6b80000)
 Metaspace       used 34752K, capacity 35140K, committed 35416K, reserved 1079296K
  class space    used 4535K, capacity 4648K, committed 4736K, reserved 1048576K
Event: 45.704 GC heap after
Heap after GC invocations=7 (full 2):
 PSYoungGen      total 140800K, used 0K [0x000000076b100000, 0x0000000776f80000, 0x00000007c0000000)
  eden space 130048K, 0% used [0x000000076b100000,0x000000076b100000,0x0000000773000000)
  from space 10752K, 0% used [0x0000000773000000,0x0000000773000000,0x0000000773a80000)
  to   space 12800K, 0% used [0x0000000776300000,0x0000000776300000,0x0000000776f80000)
 ParOldGen       total 128512K, used 14388K [0x00000006c1200000, 0x00000006c8f80000, 0x000000076b100000)
  object space 128512K, 11% used [0x00000006c1200000,0x00000006c200d290,0x00000006c8f80000)
 Metaspace       used 34729K, capacity 35096K, committed 35416K, reserved 1079296K
  class space    used 4528K, capacity 4636K, committed 4736K, reserved 1048576K
}

